
2016-09-05 14:45:01
[WARN]-[Thread: Timer-0]-[com.mchange.v2.async.ThreadPoolAsynchronousRunner$DeadlockDetector.run()]: com.mchange.v2.async.ThreadPoolAsynchronousRunner$DeadlockDetector@576f942c -- APPARENT DEADLOCK!!! Creating emergency threads for unassigned pending tasks!

2016-09-05 14:45:01
[WARN]-[Thread: Timer-0]-[com.mchange.v2.async.ThreadPoolAsynchronousRunner$DeadlockDetector.run()]: com.mchange.v2.async.ThreadPoolAsynchronousRunner$DeadlockDetector@576f942c -- APPARENT DEADLOCK!!! Complete Status: 
	Managed Threads: 3
	Active Threads: 3
	Active Tasks: 
		com.mchange.v2.resourcepool.BasicResourcePool$AcquireTask@7cf489de (com.mchange.v2.async.ThreadPoolAsynchronousRunner$PoolThread-#0)
		com.mchange.v2.resourcepool.BasicResourcePool$AcquireTask@38cfd2aa (com.mchange.v2.async.ThreadPoolAsynchronousRunner$PoolThread-#1)
		com.mchange.v2.resourcepool.BasicResourcePool$AcquireTask@46b406c7 (com.mchange.v2.async.ThreadPoolAsynchronousRunner$PoolThread-#2)
	Pending Tasks: 
		com.mchange.v2.resourcepool.BasicResourcePool$AcquireTask@779c45ec
		com.mchange.v2.resourcepool.BasicResourcePool$AcquireTask@2f7e88b8
		com.mchange.v2.resourcepool.BasicResourcePool$AcquireTask@69e2557f
		com.mchange.v2.resourcepool.BasicResourcePool$AcquireTask@f86f4ba
		com.mchange.v2.resourcepool.BasicResourcePool$AcquireTask@1aa06383
		com.mchange.v2.resourcepool.BasicResourcePool$AcquireTask@41400327
		com.mchange.v2.resourcepool.BasicResourcePool$AcquireTask@3af2efdd
Pool thread stack traces:
	Thread[com.mchange.v2.async.ThreadPoolAsynchronousRunner$PoolThread-#0,5,main]
		java.net.SocketInputStream.socketRead0(Native Method)
		java.net.SocketInputStream.socketRead(SocketInputStream.java:116)
		java.net.SocketInputStream.read(SocketInputStream.java:170)
		java.net.SocketInputStream.read(SocketInputStream.java:141)
		com.mysql.jdbc.util.ReadAheadInputStream.fill(ReadAheadInputStream.java:114)
		com.mysql.jdbc.util.ReadAheadInputStream.readFromUnderlyingStreamIfNecessary(ReadAheadInputStream.java:161)
		com.mysql.jdbc.util.ReadAheadInputStream.read(ReadAheadInputStream.java:189)
		com.mysql.jdbc.MysqlIO.readFully(MysqlIO.java:3036)
		com.mysql.jdbc.MysqlIO.reuseAndReadPacket(MysqlIO.java:3489)
		com.mysql.jdbc.MysqlIO.reuseAndReadPacket(MysqlIO.java:3478)
		com.mysql.jdbc.MysqlIO.checkErrorPacket(MysqlIO.java:4019)
		com.mysql.jdbc.MysqlIO.checkErrorPacket(MysqlIO.java:951)
		com.mysql.jdbc.MysqlIO.proceedHandshakeWithPluggableAuthentication(MysqlIO.java:1717)
		com.mysql.jdbc.MysqlIO.doHandshake(MysqlIO.java:1276)
		com.mysql.jdbc.ConnectionImpl.coreConnect(ConnectionImpl.java:2395)
		com.mysql.jdbc.ConnectionImpl.connectOneTryOnly(ConnectionImpl.java:2428)
		com.mysql.jdbc.ConnectionImpl.createNewIO(ConnectionImpl.java:2213)
		com.mysql.jdbc.ConnectionImpl.<init>(ConnectionImpl.java:797)
		com.mysql.jdbc.JDBC4Connection.<init>(JDBC4Connection.java:47)
		sun.reflect.NativeConstructorAccessorImpl.newInstance0(Native Method)
		sun.reflect.NativeConstructorAccessorImpl.newInstance(NativeConstructorAccessorImpl.java:62)
		sun.reflect.DelegatingConstructorAccessorImpl.newInstance(DelegatingConstructorAccessorImpl.java:45)
		java.lang.reflect.Constructor.newInstance(Constructor.java:422)
		com.mysql.jdbc.Util.handleNewInstance(Util.java:411)
		com.mysql.jdbc.ConnectionImpl.getInstance(ConnectionImpl.java:389)
		com.mysql.jdbc.NonRegisteringDriver.connect(NonRegisteringDriver.java:305)
		com.mchange.v2.c3p0.DriverManagerDataSource.getConnection(DriverManagerDataSource.java:134)
		com.mchange.v2.c3p0.WrapperConnectionPoolDataSource.getPooledConnection(WrapperConnectionPoolDataSource.java:182)
		com.mchange.v2.c3p0.WrapperConnectionPoolDataSource.getPooledConnection(WrapperConnectionPoolDataSource.java:171)
		com.mchange.v2.c3p0.impl.C3P0PooledConnectionPool$1PooledConnectionResourcePoolManager.acquireResource(C3P0PooledConnectionPool.java:137)
		com.mchange.v2.resourcepool.BasicResourcePool.doAcquire(BasicResourcePool.java:1014)
		com.mchange.v2.resourcepool.BasicResourcePool.access$800(BasicResourcePool.java:32)
		com.mchange.v2.resourcepool.BasicResourcePool$AcquireTask.run(BasicResourcePool.java:1810)
		com.mchange.v2.async.ThreadPoolAsynchronousRunner$PoolThread.run(ThreadPoolAsynchronousRunner.java:547)
	Thread[com.mchange.v2.async.ThreadPoolAsynchronousRunner$PoolThread-#1,5,main]
		java.net.SocketInputStream.socketRead0(Native Method)
		java.net.SocketInputStream.socketRead(SocketInputStream.java:116)
		java.net.SocketInputStream.read(SocketInputStream.java:170)
		java.net.SocketInputStream.read(SocketInputStream.java:141)
		com.mysql.jdbc.util.ReadAheadInputStream.fill(ReadAheadInputStream.java:114)
		com.mysql.jdbc.util.ReadAheadInputStream.readFromUnderlyingStreamIfNecessary(ReadAheadInputStream.java:161)
		com.mysql.jdbc.util.ReadAheadInputStream.read(ReadAheadInputStream.java:189)
		com.mysql.jdbc.MysqlIO.readFully(MysqlIO.java:3036)
		com.mysql.jdbc.MysqlIO.reuseAndReadPacket(MysqlIO.java:3489)
		com.mysql.jdbc.MysqlIO.reuseAndReadPacket(MysqlIO.java:3478)
		com.mysql.jdbc.MysqlIO.checkErrorPacket(MysqlIO.java:4019)
		com.mysql.jdbc.MysqlIO.checkErrorPacket(MysqlIO.java:951)
		com.mysql.jdbc.MysqlIO.proceedHandshakeWithPluggableAuthentication(MysqlIO.java:1717)
		com.mysql.jdbc.MysqlIO.doHandshake(MysqlIO.java:1276)
		com.mysql.jdbc.ConnectionImpl.coreConnect(ConnectionImpl.java:2395)
		com.mysql.jdbc.ConnectionImpl.connectOneTryOnly(ConnectionImpl.java:2428)
		com.mysql.jdbc.ConnectionImpl.createNewIO(ConnectionImpl.java:2213)
		com.mysql.jdbc.ConnectionImpl.<init>(ConnectionImpl.java:797)
		com.mysql.jdbc.JDBC4Connection.<init>(JDBC4Connection.java:47)
		sun.reflect.NativeConstructorAccessorImpl.newInstance0(Native Method)
		sun.reflect.NativeConstructorAccessorImpl.newInstance(NativeConstructorAccessorImpl.java:62)
		sun.reflect.DelegatingConstructorAccessorImpl.newInstance(DelegatingConstructorAccessorImpl.java:45)
		java.lang.reflect.Constructor.newInstance(Constructor.java:422)
		com.mysql.jdbc.Util.handleNewInstance(Util.java:411)
		com.mysql.jdbc.ConnectionImpl.getInstance(ConnectionImpl.java:389)
		com.mysql.jdbc.NonRegisteringDriver.connect(NonRegisteringDriver.java:305)
		com.mchange.v2.c3p0.DriverManagerDataSource.getConnection(DriverManagerDataSource.java:134)
		com.mchange.v2.c3p0.WrapperConnectionPoolDataSource.getPooledConnection(WrapperConnectionPoolDataSource.java:182)
		com.mchange.v2.c3p0.WrapperConnectionPoolDataSource.getPooledConnection(WrapperConnectionPoolDataSource.java:171)
		com.mchange.v2.c3p0.impl.C3P0PooledConnectionPool$1PooledConnectionResourcePoolManager.acquireResource(C3P0PooledConnectionPool.java:137)
		com.mchange.v2.resourcepool.BasicResourcePool.doAcquire(BasicResourcePool.java:1014)
		com.mchange.v2.resourcepool.BasicResourcePool.access$800(BasicResourcePool.java:32)
		com.mchange.v2.resourcepool.BasicResourcePool$AcquireTask.run(BasicResourcePool.java:1810)
		com.mchange.v2.async.ThreadPoolAsynchronousRunner$PoolThread.run(ThreadPoolAsynchronousRunner.java:547)
	Thread[com.mchange.v2.async.ThreadPoolAsynchronousRunner$PoolThread-#2,5,main]
		java.net.SocketInputStream.socketRead0(Native Method)
		java.net.SocketInputStream.socketRead(SocketInputStream.java:116)
		java.net.SocketInputStream.read(SocketInputStream.java:170)
		java.net.SocketInputStream.read(SocketInputStream.java:141)
		com.mysql.jdbc.util.ReadAheadInputStream.fill(ReadAheadInputStream.java:114)
		com.mysql.jdbc.util.ReadAheadInputStream.readFromUnderlyingStreamIfNecessary(ReadAheadInputStream.java:161)
		com.mysql.jdbc.util.ReadAheadInputStream.read(ReadAheadInputStream.java:189)
		com.mysql.jdbc.MysqlIO.readFully(MysqlIO.java:3036)
		com.mysql.jdbc.MysqlIO.reuseAndReadPacket(MysqlIO.java:3489)
		com.mysql.jdbc.MysqlIO.reuseAndReadPacket(MysqlIO.java:3478)
		com.mysql.jdbc.MysqlIO.checkErrorPacket(MysqlIO.java:4019)
		com.mysql.jdbc.MysqlIO.checkErrorPacket(MysqlIO.java:951)
		com.mysql.jdbc.MysqlIO.proceedHandshakeWithPluggableAuthentication(MysqlIO.java:1717)
		com.mysql.jdbc.MysqlIO.doHandshake(MysqlIO.java:1276)
		com.mysql.jdbc.ConnectionImpl.coreConnect(ConnectionImpl.java:2395)
		com.mysql.jdbc.ConnectionImpl.connectOneTryOnly(ConnectionImpl.java:2428)
		com.mysql.jdbc.ConnectionImpl.createNewIO(ConnectionImpl.java:2213)
		com.mysql.jdbc.ConnectionImpl.<init>(ConnectionImpl.java:797)
		com.mysql.jdbc.JDBC4Connection.<init>(JDBC4Connection.java:47)
		sun.reflect.NativeConstructorAccessorImpl.newInstance0(Native Method)
		sun.reflect.NativeConstructorAccessorImpl.newInstance(NativeConstructorAccessorImpl.java:62)
		sun.reflect.DelegatingConstructorAccessorImpl.newInstance(DelegatingConstructorAccessorImpl.java:45)
		java.lang.reflect.Constructor.newInstance(Constructor.java:422)
		com.mysql.jdbc.Util.handleNewInstance(Util.java:411)
		com.mysql.jdbc.ConnectionImpl.getInstance(ConnectionImpl.java:389)
		com.mysql.jdbc.NonRegisteringDriver.connect(NonRegisteringDriver.java:305)
		com.mchange.v2.c3p0.DriverManagerDataSource.getConnection(DriverManagerDataSource.java:134)
		com.mchange.v2.c3p0.WrapperConnectionPoolDataSource.getPooledConnection(WrapperConnectionPoolDataSource.java:182)
		com.mchange.v2.c3p0.WrapperConnectionPoolDataSource.getPooledConnection(WrapperConnectionPoolDataSource.java:171)
		com.mchange.v2.c3p0.impl.C3P0PooledConnectionPool$1PooledConnectionResourcePoolManager.acquireResource(C3P0PooledConnectionPool.java:137)
		com.mchange.v2.resourcepool.BasicResourcePool.doAcquire(BasicResourcePool.java:1014)
		com.mchange.v2.resourcepool.BasicResourcePool.access$800(BasicResourcePool.java:32)
		com.mchange.v2.resourcepool.BasicResourcePool$AcquireTask.run(BasicResourcePool.java:1810)
		com.mchange.v2.async.ThreadPoolAsynchronousRunner$PoolThread.run(ThreadPoolAsynchronousRunner.java:547)



2016-09-05 14:46:01
[WARN]-[Thread: Timer-0]-[com.mchange.v2.async.ThreadPoolAsynchronousRunner.processReplacedThreads()]: Task com.mchange.v2.resourcepool.BasicResourcePool$AcquireTask@7cf489de (in deadlocked PoolThread) failed to complete in maximum time 60000ms. Trying interrupt().

2016-09-05 14:46:01
[WARN]-[Thread: Timer-0]-[com.mchange.v2.async.ThreadPoolAsynchronousRunner.processReplacedThreads()]: Task com.mchange.v2.resourcepool.BasicResourcePool$AcquireTask@38cfd2aa (in deadlocked PoolThread) failed to complete in maximum time 60000ms. Trying interrupt().

2016-09-05 14:46:01
[WARN]-[Thread: Timer-0]-[com.mchange.v2.async.ThreadPoolAsynchronousRunner.processReplacedThreads()]: Task com.mchange.v2.resourcepool.BasicResourcePool$AcquireTask@46b406c7 (in deadlocked PoolThread) failed to complete in maximum time 60000ms. Trying interrupt().
